2025-08-08 21:32:02,221 | INFO | requests | pid=31420 tid=29868 | {'method': 'GET', 'path': '/api/docs/', 'status': 200, 'user': 'user_id=1', 'duration_ms': 11, 'query': ''}
2025-08-08 21:32:02,809 | INFO | requests | pid=31420 tid=29868 | {'method': 'GET', 'path': '/api/schema/', 'status': 200, 'user': 'user_id=1', 'duration_ms': 180, 'query': ''}
2025-08-08 21:32:27,056 | INFO | requests | pid=31420 tid=29868 | {'method': 'GET', 'path': '/api/docs/', 'status': 200, 'user': 'user_id=1', 'duration_ms': 8, 'query': ''}
2025-08-08 21:32:27,604 | INFO | requests | pid=31420 tid=29868 | {'method': 'GET', 'path': '/api/schema/', 'status': 200, 'user': 'user_id=1', 'duration_ms': 113, 'query': ''}
2025-08-08 21:40:10,655 | INFO | requests | pid=33960 tid=28536 | {'method': 'POST', 'path': '/api/bookings/1/confirm/', 'status': 200, 'user': 'user_id=1', 'duration_ms': 8, 'query': ''}
2025-08-08 21:41:02,615 | INFO | requests | pid=34392 tid=18964 | {'method': 'POST', 'path': '/api/properties/', 'status': 201, 'user': 'user_id=1', 'duration_ms': 21, 'query': ''}
2025-08-08 21:41:02,625 | INFO | requests | pid=34392 tid=18964 | {'method': 'GET', 'path': '/api/properties/', 'status': 200, 'user': 'anon', 'duration_ms': 9, 'query': 'search=ÐºÐ²Ð°Ñ\x80Ñ\x82Ð¸Ñ\x80Ð°&ordering=-price'}
2025-08-08 21:41:07,901 | INFO | requests | pid=34392 tid=18964 | {'method': 'POST', 'path': '/api/properties/', 'status': 201, 'user': 'user_id=1', 'duration_ms': 5, 'query': ''}
2025-08-08 21:41:09,667 | ERROR | django.request | pid=34392 tid=18964 | Internal Server Error: /api/bookings/
Traceback (most recent call last):
  File "C:\Users\ICH\PycharmProjects\rental_platform\venv2\Lib\site-packages\django\core\handlers\exception.py", line 55, in inner
    response = get_response(request)
  File "C:\Users\ICH\PycharmProjects\rental_platform\venv2\Lib\site-packages\django\core\handlers\base.py", line 197, in _get_response
    response = wrapped_callback(request, *callback_args, **callback_kwargs)
  File "C:\Users\ICH\PycharmProjects\rental_platform\venv2\Lib\site-packages\django\views\decorators\csrf.py", line 65, in _view_wrapper
    return view_func(request, *args, **kwargs)
  File "C:\Users\ICH\PycharmProjects\rental_platform\venv2\Lib\site-packages\rest_framework\viewsets.py", line 125, in view
    return self.dispatch(request, *args, **kwargs)
           ~~~~~~~~~~~~~^^^^^^^^^^^^^^^^^^^^^^^^^^
  File "C:\Users\ICH\PycharmProjects\rental_platform\venv2\Lib\site-packages\rest_framework\views.py", line 515, in dispatch
    response = self.handle_exception(exc)
  File "C:\Users\ICH\PycharmProjects\rental_platform\venv2\Lib\site-packages\rest_framework\views.py", line 475, in handle_exception
    self.raise_uncaught_exception(exc)
    ~~~~~~~~~~~~~~~~~~~~~~~~~~~~~^^^^^
  File "C:\Users\ICH\PycharmProjects\rental_platform\venv2\Lib\site-packages\rest_framework\views.py", line 486, in raise_uncaught_exception
    raise exc
  File "C:\Users\ICH\PycharmProjects\rental_platform\venv2\Lib\site-packages\rest_framework\views.py", line 512, in dispatch
    response = handler(request, *args, **kwargs)
  File "C:\Users\ICH\PycharmProjects\rental_platform\venv2\Lib\site-packages\rest_framework\mixins.py", line 19, in create
    self.perform_create(serializer)
    ~~~~~~~~~~~~~~~~~~~^^^^^^^^^^^^
  File "C:\Users\ICH\PycharmProjects\rental_platform\bookings\views.py", line 34, in perform_create
    booking = serializer.save(user=self.request.user)
  File "C:\Users\ICH\PycharmProjects\rental_platform\venv2\Lib\site-packages\rest_framework\serializers.py", line 210, in save
    self.instance = self.create(validated_data)
                    ~~~~~~~~~~~^^^^^^^^^^^^^^^^
  File "C:\Users\ICH\PycharmProjects\rental_platform\bookings\serializers.py", line 42, in create
    return Booking.objects.create(user=user, status=Booking.Status.PENDING, **validated_data)
           ~~~~~~~~~~~~~~~~~~~~~~^^^^^^^^^^^^^^^^^^^^^^^^^^^^^^^^^^^^^^^^^^^^^^^^^^^^^^^^^^^^
TypeError: django.db.models.query.QuerySet.create() got multiple values for keyword argument 'user'
2025-08-08 21:41:09,679 | INFO | requests | pid=34392 tid=18964 | {'method': 'POST', 'path': '/api/bookings/', 'status': 500, 'user': 'user_id=2', 'duration_ms': 47, 'query': ''}
2025-08-08 21:41:15,597 | INFO | requests | pid=34392 tid=18964 | {'method': 'POST', 'path': '/api/bookings/1/confirm/', 'status': 200, 'user': 'user_id=1', 'duration_ms': 8, 'query': ''}
2025-08-08 21:41:22,834 | INFO | requests | pid=34392 tid=18964 | {'method': 'POST', 'path': '/api/bookings/1/confirm/', 'status': 404, 'user': 'user_id=2', 'duration_ms': 4, 'query': ''}
2025-08-08 21:41:22,834 | WARNING | django.request | pid=34392 tid=18964 | Not Found: /api/bookings/1/confirm/
2025-08-08 21:41:22,853 | INFO | requests | pid=34392 tid=18964 | {'method': 'GET', 'path': '/api/properties/', 'status': 200, 'user': 'anon', 'duration_ms': 3, 'query': ''}
2025-08-08 21:41:28,143 | INFO | requests | pid=34392 tid=18964 | {'method': 'GET', 'path': '/api/notifications/', 'status': 200, 'user': 'user_id=1', 'duration_ms': 5, 'query': 'is_read=false'}
2025-08-08 21:41:28,148 | INFO | requests | pid=34392 tid=18964 | {'method': 'POST', 'path': '/api/notifications/1/read/', 'status': 200, 'user': 'user_id=1', 'duration_ms': 4, 'query': ''}
2025-08-08 21:41:28,156 | INFO | requests | pid=34392 tid=18964 | {'method': 'POST', 'path': '/api/bookings/1/confirm/', 'status': 200, 'user': 'user_id=1', 'duration_ms': 6, 'query': ''}
2025-08-08 21:41:29,886 | INFO | requests | pid=34392 tid=18964 | {'method': 'GET', 'path': '/api/notifications/', 'status': 200, 'user': 'user_id=2', 'duration_ms': 3, 'query': 'is_read=false'}
2025-08-08 21:41:29,891 | INFO | requests | pid=34392 tid=18964 | {'method': 'POST', 'path': '/api/notifications/read_all/', 'status': 200, 'user': 'user_id=2', 'duration_ms': 3, 'query': ''}
2025-08-08 21:41:29,894 | INFO | requests | pid=34392 tid=18964 | {'method': 'GET', 'path': '/api/notifications/', 'status': 200, 'user': 'user_id=2', 'duration_ms': 2, 'query': 'is_read=false'}
2025-08-08 21:48:45,870 | INFO | requests | pid=14792 tid=26664 | {'method': 'POST', 'path': '/api/properties/', 'status': 201, 'user': 'user_id=1', 'duration_ms': 23, 'query': ''}
2025-08-08 21:48:45,882 | INFO | requests | pid=14792 tid=26664 | {'method': 'GET', 'path': '/api/properties/', 'status': 200, 'user': 'anon', 'duration_ms': 10, 'query': 'search=ÐºÐ²Ð°Ñ\x80Ñ\x82Ð¸Ñ\x80Ð°&ordering=-price'}
2025-08-08 21:48:51,342 | INFO | requests | pid=14792 tid=26664 | {'method': 'POST', 'path': '/api/properties/', 'status': 201, 'user': 'user_id=1', 'duration_ms': 5, 'query': ''}
2025-08-08 21:48:53,096 | INFO | requests | pid=14792 tid=26664 | {'method': 'POST', 'path': '/api/bookings/', 'status': 201, 'user': 'user_id=2', 'duration_ms': 10, 'query': ''}
2025-08-08 21:48:53,104 | INFO | requests | pid=14792 tid=26664 | {'method': 'POST', 'path': '/api/bookings/1/confirm/', 'status': 200, 'user': 'user_id=1', 'duration_ms': 6, 'query': ''}
2025-08-08 21:48:53,111 | INFO | requests | pid=14792 tid=26664 | {'method': 'POST', 'path': '/api/reviews/', 'status': 400, 'user': 'user_id=2', 'duration_ms': 5, 'query': ''}
2025-08-08 21:48:53,113 | WARNING | django.request | pid=14792 tid=26664 | Bad Request: /api/reviews/
2025-08-08 21:48:53,122 | INFO | requests | pid=14792 tid=26664 | {'method': 'POST', 'path': '/api/reviews/', 'status': 201, 'user': 'user_id=2', 'duration_ms': 5, 'query': ''}
2025-08-08 21:48:53,130 | INFO | requests | pid=14792 tid=26664 | {'method': 'GET', 'path': '/api/reviews/', 'status': 200, 'user': 'user_id=2', 'duration_ms': 6, 'query': 'property=1'}
2025-08-08 21:48:58,398 | INFO | requests | pid=14792 tid=26664 | {'method': 'POST', 'path': '/api/bookings/1/confirm/', 'status': 200, 'user': 'user_id=1', 'duration_ms': 6, 'query': ''}
2025-08-08 21:49:05,534 | INFO | requests | pid=14792 tid=26664 | {'method': 'POST', 'path': '/api/bookings/1/confirm/', 'status': 403, 'user': 'user_id=2', 'duration_ms': 4, 'query': ''}
2025-08-08 21:49:05,534 | WARNING | django.request | pid=14792 tid=26664 | Forbidden: /api/bookings/1/confirm/
2025-08-08 21:49:05,546 | INFO | requests | pid=14792 tid=26664 | {'method': 'GET', 'path': '/api/properties/', 'status': 200, 'user': 'anon', 'duration_ms': 4, 'query': ''}
2025-08-08 21:49:10,871 | INFO | requests | pid=14792 tid=26664 | {'method': 'GET', 'path': '/api/notifications/', 'status': 200, 'user': 'user_id=1', 'duration_ms': 4, 'query': 'is_read=false'}
2025-08-08 21:49:10,877 | INFO | requests | pid=14792 tid=26664 | {'method': 'POST', 'path': '/api/notifications/1/read/', 'status': 200, 'user': 'user_id=1', 'duration_ms': 4, 'query': ''}
2025-08-08 21:49:10,884 | INFO | requests | pid=14792 tid=26664 | {'method': 'POST', 'path': '/api/bookings/1/confirm/', 'status': 200, 'user': 'user_id=1', 'duration_ms': 6, 'query': ''}
2025-08-08 21:49:12,582 | INFO | requests | pid=14792 tid=26664 | {'method': 'GET', 'path': '/api/notifications/', 'status': 200, 'user': 'user_id=2', 'duration_ms': 3, 'query': 'is_read=false'}
2025-08-08 21:49:12,586 | INFO | requests | pid=14792 tid=26664 | {'method': 'POST', 'path': '/api/notifications/read_all/', 'status': 200, 'user': 'user_id=2', 'duration_ms': 2, 'query': ''}
2025-08-08 21:49:12,591 | INFO | requests | pid=14792 tid=26664 | {'method': 'GET', 'path': '/api/notifications/', 'status': 200, 'user': 'user_id=2', 'duration_ms': 3, 'query': 'is_read=false'}
2025-08-08 21:49:50,861 | INFO | requests | pid=34892 tid=19424 | {'method': 'GET', 'path': '/api/docs/', 'status': 200, 'user': 'user_id=1', 'duration_ms': 57, 'query': ''}
2025-08-08 21:49:52,847 | INFO | requests | pid=34892 tid=19424 | {'method': 'GET', 'path': '/api/schema/', 'status': 200, 'user': 'user_id=1', 'duration_ms': 204, 'query': ''}
2025-08-08 22:03:32,380 | INFO | requests | pid=34892 tid=4136 | {'method': 'GET', 'path': '/api/accounts/', 'status': 200, 'user': 'user_id=1', 'duration_ms': 35, 'query': ''}
2025-08-08 22:03:42,193 | INFO | requests | pid=34892 tid=4136 | {'method': 'GET', 'path': '/api/accounts/', 'status': 200, 'user': 'user_id=1', 'duration_ms': 12, 'query': ''}
2025-08-08 22:04:01,506 | INFO | requests | pid=34892 tid=4136 | {'method': 'GET', 'path': '/api/accounts/me/', 'status': 200, 'user': 'user_id=1', 'duration_ms': 90, 'query': ''}
2025-08-08 22:04:08,646 | INFO | requests | pid=34892 tid=4136 | {'method': 'GET', 'path': '/api/accounts/', 'status': 200, 'user': 'user_id=1', 'duration_ms': 11, 'query': ''}
2025-08-08 22:04:22,271 | INFO | requests | pid=34892 tid=4136 | {'method': 'GET', 'path': '/api/properties/', 'status': 200, 'user': 'user_id=1', 'duration_ms': 70, 'query': ''}
2025-08-08 22:14:55,495 | INFO | requests | pid=35364 tid=23124 | {'method': 'POST', 'path': '/api-auth/logout/', 'status': 302, 'user': 'anon', 'duration_ms': 16, 'query': 'next=/api/properties/'}
2025-08-08 22:14:55,542 | INFO | requests | pid=35364 tid=23124 | {'method': 'GET', 'path': '/api/properties/', 'status': 200, 'user': 'anon', 'duration_ms': 40, 'query': ''}
2025-08-08 22:55:48,009 | INFO | requests | pid=7080 tid=14764 | {'method': 'GET', 'path': '/api/docs/', 'status': 200, 'user': 'user_id=3', 'duration_ms': 14, 'query': ''}
2025-08-08 22:55:48,670 | INFO | requests | pid=7080 tid=14764 | {'method': 'GET', 'path': '/api/schema/', 'status': 200, 'user': 'user_id=3', 'duration_ms': 179, 'query': ''}
2025-08-08 22:56:19,689 | WARNING | django.request | pid=7080 tid=14764 | Method Not Allowed: /api/accounts/register/
2025-08-08 22:56:27,182 | INFO | requests | pid=7080 tid=14764 | {'method': 'GET', 'path': '/api/accounts/', 'status': 200, 'user': 'user_id=3', 'duration_ms': 18, 'query': ''}
2025-08-08 22:56:33,531 | WARNING | django.request | pid=7080 tid=14764 | Method Not Allowed: /api/token/
2025-08-08 22:57:10,994 | INFO | requests | pid=7080 tid=14764 | {'method': 'GET', 'path': '/api/properties/', 'status': 200, 'user': 'user_id=3', 'duration_ms': 39, 'query': ''}
2025-08-08 22:57:58,547 | INFO | requests | pid=7080 tid=14764 | {'method': 'GET', 'path': '/api/docs/', 'status': 200, 'user': 'user_id=3', 'duration_ms': 8, 'query': ''}
2025-08-08 22:57:59,169 | INFO | requests | pid=7080 tid=14764 | {'method': 'GET', 'path': '/api/schema/', 'status': 200, 'user': 'user_id=3', 'duration_ms': 111, 'query': ''}
2025-08-08 23:04:22,191 | INFO | requests | pid=13268 tid=9548 | {'method': 'GET', 'path': '/api-auth/login/', 'status': 200, 'user': 'user_id=3', 'duration_ms': 84, 'query': ''}
2025-08-08 23:04:32,554 | INFO | requests | pid=13268 tid=9548 | {'method': 'GET', 'path': '/api/docs/', 'status': 200, 'user': 'user_id=3', 'duration_ms': 13, 'query': ''}
2025-08-08 23:04:33,189 | INFO | requests | pid=13268 tid=9548 | {'method': 'GET', 'path': '/api/schema/', 'status': 200, 'user': 'user_id=3', 'duration_ms': 163, 'query': ''}
2025-08-08 23:04:57,129 | INFO | requests | pid=13268 tid=9548 | {'method': 'GET', 'path': '/api/schema/', 'status': 200, 'user': 'user_id=3', 'duration_ms': 249, 'query': ''}
2025-08-09 12:30:49,621 | INFO | requests | pid=13268 tid=7236 | {'method': 'GET', 'path': '/api/docs/', 'status': 200, 'user': 'user_id=3', 'duration_ms': 86, 'query': ''}
2025-08-09 12:30:50,235 | INFO | requests | pid=13268 tid=7236 | {'method': 'GET', 'path': '/api/schema/', 'status': 200, 'user': 'user_id=3', 'duration_ms': 237, 'query': ''}
2025-08-09 12:30:59,244 | INFO | requests | pid=13268 tid=35288 | {'method': 'GET', 'path': '/', 'status': 200, 'user': 'user_id=3', 'duration_ms': 37, 'query': ''}
2025-08-09 14:17:14,714 | INFO | requests | pid=4592 tid=14348 | {'method': 'GET', 'path': '/', 'status': 200, 'user': 'user_id=3', 'duration_ms': 69, 'query': ''}
2025-08-09 14:19:57,561 | INFO | requests | pid=4592 tid=17148 | {'method': 'GET', 'path': '/api/docs/', 'status': 200, 'user': 'user_id=3', 'duration_ms': 9, 'query': ''}
2025-08-09 14:19:58,082 | INFO | requests | pid=4592 tid=17148 | {'method': 'GET', 'path': '/api/schema/', 'status': 200, 'user': 'user_id=3', 'duration_ms': 140, 'query': ''}
2025-08-09 14:20:10,223 | INFO | requests | pid=4592 tid=17148 | {'method': 'GET', 'path': '/api/properties/', 'status': 200, 'user': 'user_id=3', 'duration_ms': 52, 'query': ''}
2025-08-09 14:20:46,864 | INFO | requests | pid=4592 tid=30792 | {'method': 'GET', 'path': '/api/accounts/me/', 'status': 200, 'user': 'user_id=3', 'duration_ms': 6, 'query': ''}
2025-08-09 14:21:04,037 | INFO | requests | pid=4592 tid=30792 | {'method': 'GET', 'path': '/api/analytics/', 'status': 200, 'user': 'user_id=3', 'duration_ms': 6, 'query': ''}
2025-08-09 14:21:33,026 | INFO | requests | pid=4592 tid=30792 | {'method': 'GET', 'path': '/api/analytics/top-properties/', 'status': 200, 'user': 'user_id=3', 'duration_ms': 12, 'query': ''}
2025-08-09 14:21:51,550 | INFO | requests | pid=4592 tid=30792 | {'method': 'GET', 'path': '/api/analytics/popular-searches', 'status': 404, 'user': 'user_id=3', 'duration_ms': 8, 'query': ''}
2025-08-09 14:21:51,567 | INFO | requests | pid=4592 tid=21248 | {'method': 'GET', 'path': '/api/analytics/popular-searches/', 'status': 200, 'user': 'user_id=3', 'duration_ms': 9, 'query': ''}
2025-08-09 14:45:44,136 | INFO | requests | pid=16844 tid=34792 | {'method': 'POST', 'path': '/api/properties/', 'status': 201, 'user': 'user_id=1', 'duration_ms': 18, 'query': ''}
2025-08-09 14:45:44,144 | INFO | requests | pid=16844 tid=34792 | {'method': 'GET', 'path': '/api/properties/', 'status': 200, 'user': 'anon', 'duration_ms': 7, 'query': 'search=ÐºÐ²Ð°Ñ\x80Ñ\x82Ð¸Ñ\x80Ð°&ordering=-price'}
2025-08-10 12:07:45,521 | INFO | requests | pid=24944 tid=31592 | {'method': 'GET', 'path': '/api/docs/', 'status': 200, 'user': 'user_id=3', 'duration_ms': 86, 'query': ''}
2025-08-10 12:07:46,315 | INFO | requests | pid=24944 tid=31592 | {'method': 'GET', 'path': '/api/schema/', 'status': 200, 'user': 'user_id=3', 'duration_ms': 207, 'query': ''}
2025-08-10 12:59:50,717 | ERROR | django.request | pid=26500 tid=7592 | Internal Server Error: /admin/accounts/user/add/
Traceback (most recent call last):
  File "C:\Users\ICH\PycharmProjects\rental_platform\venv2\Lib\site-packages\django\contrib\admin\options.py", line 840, in get_form
    return modelform_factory(self.model, **defaults)
  File "C:\Users\ICH\PycharmProjects\rental_platform\venv2\Lib\site-packages\django\forms\models.py", line 654, in modelform_factory
    return type(form)(class_name, (form,), form_class_attrs)
           ~~~~~~~~~~^^^^^^^^^^^^^^^^^^^^^^^^^^^^^^^^^^^^^^^
  File "C:\Users\ICH\PycharmProjects\rental_platform\venv2\Lib\site-packages\django\forms\models.py", line 334, in __new__
    raise FieldError(message)
django.core.exceptions.FieldError: Unknown field(s) (name) specified for User

During handling of the above exception, another exception occurred:

Traceback (most recent call last):
  File "C:\Users\ICH\PycharmProjects\rental_platform\venv2\Lib\site-packages\django\core\handlers\exception.py", line 55, in inner
    response = get_response(request)
  File "C:\Users\ICH\PycharmProjects\rental_platform\venv2\Lib\site-packages\django\core\handlers\base.py", line 197, in _get_response
    response = wrapped_callback(request, *callback_args, **callback_kwargs)
  File "C:\Users\ICH\PycharmProjects\rental_platform\venv2\Lib\site-packages\django\contrib\admin\options.py", line 719, in wrapper
    return self.admin_site.admin_view(view)(*args, **kwargs)
           ~~~~~~~~~~~~~~~~~~~~~~~~~~~~~~~~^^^^^^^^^^^^^^^^^
  File "C:\Users\ICH\PycharmProjects\rental_platform\venv2\Lib\site-packages\django\utils\decorators.py", line 192, in _view_wrapper
    result = _process_exception(request, e)
  File "C:\Users\ICH\PycharmProjects\rental_platform\venv2\Lib\site-packages\django\utils\decorators.py", line 190, in _view_wrapper
    response = view_func(request, *args, **kwargs)
  File "C:\Users\ICH\PycharmProjects\rental_platform\venv2\Lib\site-packages\django\views\decorators\cache.py", line 80, in _view_wrapper
    response = view_func(request, *args, **kwargs)
  File "C:\Users\ICH\PycharmProjects\rental_platform\venv2\Lib\site-packages\django\contrib\admin\sites.py", line 246, in inner
    return view(request, *args, **kwargs)
  File "C:\Users\ICH\PycharmProjects\rental_platform\venv2\Lib\site-packages\django\utils\decorators.py", line 48, in _wrapper
    return bound_method(*args, **kwargs)
  File "C:\Users\ICH\PycharmProjects\rental_platform\venv2\Lib\site-packages\django\views\decorators\debug.py", line 143, in sensitive_post_parameters_wrapper
    return view(request, *args, **kwargs)
  File "C:\Users\ICH\PycharmProjects\rental_platform\venv2\Lib\site-packages\django\utils\decorators.py", line 48, in _wrapper
    return bound_method(*args, **kwargs)
  File "C:\Users\ICH\PycharmProjects\rental_platform\venv2\Lib\site-packages\django\utils\decorators.py", line 192, in _view_wrapper
    result = _process_exception(request, e)
  File "C:\Users\ICH\PycharmProjects\rental_platform\venv2\Lib\site-packages\django\utils\decorators.py", line 190, in _view_wrapper
    response = view_func(request, *args, **kwargs)
  File "C:\Users\ICH\PycharmProjects\rental_platform\venv2\Lib\site-packages\django\contrib\auth\admin.py", line 121, in add_view
    return self._add_view(request, form_url, extra_context)
           ~~~~~~~~~~~~~~^^^^^^^^^^^^^^^^^^^^^^^^^^^^^^^^^^
  File "C:\Users\ICH\PycharmProjects\rental_platform\venv2\Lib\site-packages\django\contrib\auth\admin.py", line 152, in _add_view
    return super().add_view(request, form_url, extra_context)
           ~~~~~~~~~~~~~~~~^^^^^^^^^^^^^^^^^^^^^^^^^^^^^^^^^^
  File "C:\Users\ICH\PycharmProjects\rental_platform\venv2\Lib\site-packages\django\contrib\admin\options.py", line 1984, in add_view
    return self.changeform_view(request, None, form_url, extra_context)
           ~~~~~~~~~~~~~~~~~~~~^^^^^^^^^^^^^^^^^^^^^^^^^^^^^^^^^^^^^^^^
  File "C:\Users\ICH\PycharmProjects\rental_platform\venv2\Lib\site-packages\django\utils\decorators.py", line 48, in _wrapper
    return bound_method(*args, **kwargs)
  File "C:\Users\ICH\PycharmProjects\rental_platform\venv2\Lib\site-packages\django\utils\decorators.py", line 192, in _view_wrapper
    result = _process_exception(request, e)
  File "C:\Users\ICH\PycharmProjects\rental_platform\venv2\Lib\site-packages\django\utils\decorators.py", line 190, in _view_wrapper
    response = view_func(request, *args, **kwargs)
  File "C:\Users\ICH\PycharmProjects\rental_platform\venv2\Lib\site-packages\django\contrib\admin\options.py", line 1840, in changeform_view
    return self._changeform_view(request, object_id, form_url, extra_context)
           ~~~~~~~~~~~~~~~~~~~~~^^^^^^^^^^^^^^^^^^^^^^^^^^^^^^^^^^^^^^^^^^^^^
  File "C:\Users\ICH\PycharmProjects\rental_platform\venv2\Lib\site-packages\django\contrib\admin\options.py", line 1878, in _changeform_view
    ModelForm = self.get_form(
        request, obj, change=not add, fields=flatten_fieldsets(fieldsets)
    )
  File "C:\Users\ICH\PycharmProjects\rental_platform\venv2\Lib\site-packages\django\contrib\auth\admin.py", line 98, in get_form
    return super().get_form(request, obj, **defaults)
           ~~~~~~~~~~~~~~~~^^^^^^^^^^^^^^^^^^^^^^^^^^
  File "C:\Users\ICH\PycharmProjects\rental_platform\venv2\Lib\site-packages\django\contrib\admin\options.py", line 842, in get_form
    raise FieldError(
    ...<2 lines>...
    )
django.core.exceptions.FieldError: Unknown field(s) (name) specified for User. Check fields/fieldsets/exclude attributes of class UserAdmin.
2025-08-10 13:00:38,170 | ERROR | django.request | pid=13748 tid=35472 | Internal Server Error: /admin/accounts/user/add/
Traceback (most recent call last):
  File "C:\Users\ICH\PycharmProjects\rental_platform\venv2\Lib\site-packages\django\contrib\admin\options.py", line 840, in get_form
    return modelform_factory(self.model, **defaults)
  File "C:\Users\ICH\PycharmProjects\rental_platform\venv2\Lib\site-packages\django\forms\models.py", line 654, in modelform_factory
    return type(form)(class_name, (form,), form_class_attrs)
           ~~~~~~~~~~^^^^^^^^^^^^^^^^^^^^^^^^^^^^^^^^^^^^^^^
  File "C:\Users\ICH\PycharmProjects\rental_platform\venv2\Lib\site-packages\django\forms\models.py", line 334, in __new__
    raise FieldError(message)
django.core.exceptions.FieldError: Unknown field(s) (name) specified for User

During handling of the above exception, another exception occurred:

Traceback (most recent call last):
  File "C:\Users\ICH\PycharmProjects\rental_platform\venv2\Lib\site-packages\django\core\handlers\exception.py", line 55, in inner
    response = get_response(request)
  File "C:\Users\ICH\PycharmProjects\rental_platform\venv2\Lib\site-packages\django\core\handlers\base.py", line 197, in _get_response
    response = wrapped_callback(request, *callback_args, **callback_kwargs)
  File "C:\Users\ICH\PycharmProjects\rental_platform\venv2\Lib\site-packages\django\contrib\admin\options.py", line 719, in wrapper
    return self.admin_site.admin_view(view)(*args, **kwargs)
           ~~~~~~~~~~~~~~~~~~~~~~~~~~~~~~~~^^^^^^^^^^^^^^^^^
  File "C:\Users\ICH\PycharmProjects\rental_platform\venv2\Lib\site-packages\django\utils\decorators.py", line 192, in _view_wrapper
    result = _process_exception(request, e)
  File "C:\Users\ICH\PycharmProjects\rental_platform\venv2\Lib\site-packages\django\utils\decorators.py", line 190, in _view_wrapper
    response = view_func(request, *args, **kwargs)
  File "C:\Users\ICH\PycharmProjects\rental_platform\venv2\Lib\site-packages\django\views\decorators\cache.py", line 80, in _view_wrapper
    response = view_func(request, *args, **kwargs)
  File "C:\Users\ICH\PycharmProjects\rental_platform\venv2\Lib\site-packages\django\contrib\admin\sites.py", line 246, in inner
    return view(request, *args, **kwargs)
  File "C:\Users\ICH\PycharmProjects\rental_platform\venv2\Lib\site-packages\django\utils\decorators.py", line 48, in _wrapper
    return bound_method(*args, **kwargs)
  File "C:\Users\ICH\PycharmProjects\rental_platform\venv2\Lib\site-packages\django\views\decorators\debug.py", line 143, in sensitive_post_parameters_wrapper
    return view(request, *args, **kwargs)
  File "C:\Users\ICH\PycharmProjects\rental_platform\venv2\Lib\site-packages\django\utils\decorators.py", line 48, in _wrapper
    return bound_method(*args, **kwargs)
  File "C:\Users\ICH\PycharmProjects\rental_platform\venv2\Lib\site-packages\django\utils\decorators.py", line 192, in _view_wrapper
    result = _process_exception(request, e)
  File "C:\Users\ICH\PycharmProjects\rental_platform\venv2\Lib\site-packages\django\utils\decorators.py", line 190, in _view_wrapper
    response = view_func(request, *args, **kwargs)
  File "C:\Users\ICH\PycharmProjects\rental_platform\venv2\Lib\site-packages\django\contrib\auth\admin.py", line 121, in add_view
    return self._add_view(request, form_url, extra_context)
           ~~~~~~~~~~~~~~^^^^^^^^^^^^^^^^^^^^^^^^^^^^^^^^^^
  File "C:\Users\ICH\PycharmProjects\rental_platform\venv2\Lib\site-packages\django\contrib\auth\admin.py", line 152, in _add_view
    return super().add_view(request, form_url, extra_context)
           ~~~~~~~~~~~~~~~~^^^^^^^^^^^^^^^^^^^^^^^^^^^^^^^^^^
  File "C:\Users\ICH\PycharmProjects\rental_platform\venv2\Lib\site-packages\django\contrib\admin\options.py", line 1984, in add_view
    return self.changeform_view(request, None, form_url, extra_context)
           ~~~~~~~~~~~~~~~~~~~~^^^^^^^^^^^^^^^^^^^^^^^^^^^^^^^^^^^^^^^^
  File "C:\Users\ICH\PycharmProjects\rental_platform\venv2\Lib\site-packages\django\utils\decorators.py", line 48, in _wrapper
    return bound_method(*args, **kwargs)
  File "C:\Users\ICH\PycharmProjects\rental_platform\venv2\Lib\site-packages\django\utils\decorators.py", line 192, in _view_wrapper
    result = _process_exception(request, e)
  File "C:\Users\ICH\PycharmProjects\rental_platform\venv2\Lib\site-packages\django\utils\decorators.py", line 190, in _view_wrapper
    response = view_func(request, *args, **kwargs)
  File "C:\Users\ICH\PycharmProjects\rental_platform\venv2\Lib\site-packages\django\contrib\admin\options.py", line 1840, in changeform_view
    return self._changeform_view(request, object_id, form_url, extra_context)
           ~~~~~~~~~~~~~~~~~~~~~^^^^^^^^^^^^^^^^^^^^^^^^^^^^^^^^^^^^^^^^^^^^^
  File "C:\Users\ICH\PycharmProjects\rental_platform\venv2\Lib\site-packages\django\contrib\admin\options.py", line 1878, in _changeform_view
    ModelForm = self.get_form(
        request, obj, change=not add, fields=flatten_fieldsets(fieldsets)
    )
  File "C:\Users\ICH\PycharmProjects\rental_platform\venv2\Lib\site-packages\django\contrib\auth\admin.py", line 98, in get_form
    return super().get_form(request, obj, **defaults)
           ~~~~~~~~~~~~~~~~^^^^^^^^^^^^^^^^^^^^^^^^^^
  File "C:\Users\ICH\PycharmProjects\rental_platform\venv2\Lib\site-packages\django\contrib\admin\options.py", line 842, in get_form
    raise FieldError(
    ...<2 lines>...
    )
django.core.exceptions.FieldError: Unknown field(s) (name) specified for User. Check fields/fieldsets/exclude attributes of class UserAdmin.
2025-08-10 13:37:18,820 | INFO | requests | pid=29168 tid=8772 | {'method': 'GET', 'path': '/', 'status': 200, 'user': 'user_id=3', 'duration_ms': 8, 'query': ''}
2025-08-10 13:37:30,187 | ERROR | django.request | pid=29168 tid=8772 | Internal Server Error: /api/accounts/
Traceback (most recent call last):
  File "C:\Users\ICH\PycharmProjects\rental_platform\venv2\Lib\site-packages\django\core\handlers\exception.py", line 55, in inner
    response = get_response(request)
  File "C:\Users\ICH\PycharmProjects\rental_platform\venv2\Lib\site-packages\django\core\handlers\base.py", line 197, in _get_response
    response = wrapped_callback(request, *callback_args, **callback_kwargs)
  File "C:\Users\ICH\PycharmProjects\rental_platform\venv2\Lib\site-packages\django\views\decorators\csrf.py", line 65, in _view_wrapper
    return view_func(request, *args, **kwargs)
  File "C:\Users\ICH\PycharmProjects\rental_platform\venv2\Lib\site-packages\django\views\generic\base.py", line 105, in view
    return self.dispatch(request, *args, **kwargs)
           ~~~~~~~~~~~~~^^^^^^^^^^^^^^^^^^^^^^^^^^
  File "C:\Users\ICH\PycharmProjects\rental_platform\venv2\Lib\site-packages\rest_framework\views.py", line 515, in dispatch
    response = self.handle_exception(exc)
  File "C:\Users\ICH\PycharmProjects\rental_platform\venv2\Lib\site-packages\rest_framework\views.py", line 475, in handle_exception
    self.raise_uncaught_exception(exc)
    ~~~~~~~~~~~~~~~~~~~~~~~~~~~~~^^^^^
  File "C:\Users\ICH\PycharmProjects\rental_platform\venv2\Lib\site-packages\rest_framework\views.py", line 486, in raise_uncaught_exception
    raise exc
  File "C:\Users\ICH\PycharmProjects\rental_platform\venv2\Lib\site-packages\rest_framework\views.py", line 512, in dispatch
    response = handler(request, *args, **kwargs)
  File "C:\Users\ICH\PycharmProjects\rental_platform\venv2\Lib\site-packages\rest_framework\decorators.py", line 50, in handler
    return func(*args, **kwargs)
  File "C:\Users\ICH\PycharmProjects\rental_platform\accounts\views.py", line 89, in accounts_root
    "profile_update": reverse("profile-update", request=request, format=format),
                      ~~~~~~~^^^^^^^^^^^^^^^^^^^^^^^^^^^^^^^^^^^^^^^^^^^^^^^^^^
  File "C:\Users\ICH\PycharmProjects\rental_platform\venv2\Lib\site-packages\rest_framework\reverse.py", line 47, in reverse
    url = _reverse(viewname, args, kwargs, request, format, **extra)
  File "C:\Users\ICH\PycharmProjects\rental_platform\venv2\Lib\site-packages\rest_framework\reverse.py", line 60, in _reverse
    url = django_reverse(viewname, args=args, kwargs=kwargs, **extra)
  File "C:\Users\ICH\PycharmProjects\rental_platform\venv2\Lib\site-packages\django\urls\base.py", line 98, in reverse
    resolved_url = resolver._reverse_with_prefix(view, prefix, *args, **kwargs)
  File "C:\Users\ICH\PycharmProjects\rental_platform\venv2\Lib\site-packages\django\urls\resolvers.py", line 831, in _reverse_with_prefix
    raise NoReverseMatch(msg)
django.urls.exceptions.NoReverseMatch: Reverse for 'profile-update' not found. 'profile-update' is not a valid view function or pattern name.
2025-08-10 13:37:30,203 | INFO | requests | pid=29168 tid=8772 | {'method': 'GET', 'path': '/api/accounts/', 'status': 500, 'user': 'user_id=3', 'duration_ms': 155, 'query': ''}
2025-08-10 13:40:18,105 | INFO | requests | pid=3144 tid=9296 | {'method': 'GET', 'path': '/api/accounts/', 'status': 200, 'user': 'user_id=3', 'duration_ms': 80, 'query': ''}
2025-08-10 13:40:23,358 | INFO | requests | pid=3144 tid=9296 | {'method': 'GET', 'path': '/api/accounts/me-update/', 'status': 405, 'user': 'user_id=3', 'duration_ms': 38, 'query': ''}
2025-08-10 13:40:23,361 | WARNING | django.request | pid=3144 tid=9296 | Method Not Allowed: /api/accounts/me-update/
2025-08-10 13:56:26,644 | INFO | requests | pid=33032 tid=35256 | {'method': 'GET', 'path': '/api/accounts/', 'status': 200, 'user': 'user_id=3', 'duration_ms': 132, 'query': ''}
2025-08-10 13:56:35,207 | INFO | requests | pid=33032 tid=35256 | {'method': 'GET', 'path': '/api/accounts/me-update/', 'status': 405, 'user': 'user_id=3', 'duration_ms': 41, 'query': ''}
2025-08-10 13:56:35,210 | WARNING | django.request | pid=33032 tid=35256 | Method Not Allowed: /api/accounts/me-update/
